{"D:\\Lloyds\\Assesment\\AccountInfo\\spec\\jasmine-runner.js":{"path":"D:\\Lloyds\\Assesment\\AccountInfo\\spec\\jasmine-runner.js","s":{"1":1,"2":1,"3":1,"4":1,"5":1,"6":1,"7":1},"b":{},"f":{"1":28},"fnMap":{"1":{"name":"(anonymous_1)","line":7,"loc":{"start":{"line":7,"column":9},"end":{"line":7,"column":19}}}},"statementMap":{"1":{"start":{"line":1,"column":0},"end":{"line":1,"column":35}},"2":{"start":{"line":2,"column":0},"end":{"line":2,"column":56}},"3":{"start":{"line":4,"column":0},"end":{"line":4,"column":28}},"4":{"start":{"line":6,"column":0},"end":{"line":8,"column":3}},"5":{"start":{"line":10,"column":0},"end":{"line":12,"column":4}},"6":{"start":{"line":14,"column":0},"end":{"line":14,"column":54}},"7":{"start":{"line":16,"column":0},"end":{"line":16,"column":18}}},"branchMap":{}},"D:\\Lloyds\\Assesment\\AccountInfo\\spec\\rest-spec.js":{"path":"D:\\Lloyds\\Assesment\\AccountInfo\\spec\\rest-spec.js","s":{"1":1,"2":1,"3":1,"4":1,"5":1,"6":5,"7":1,"8":1,"9":5,"10":5,"11":1,"12":5,"13":5,"14":5,"15":1,"16":1,"17":1,"18":1,"19":1,"20":1,"21":0,"22":0,"23":1,"24":1,"25":1,"26":1,"27":1,"28":1,"29":1,"30":1,"31":1,"32":1,"33":1,"34":1},"b":{},"f":{"1":5,"2":1,"3":5,"4":5,"5":1,"6":1,"7":1,"8":0,"9":1,"10":1,"11":1,"12":1,"13":1,"14":1},"fnMap":{"1":{"name":"json","line":18,"loc":{"start":{"line":18,"column":0},"end":{"line":18,"column":25}}},"2":{"name":"(anonymous_2)","line":25,"loc":{"start":{"line":25,"column":29},"end":{"line":25,"column":40}}},"3":{"name":"(anonymous_3)","line":27,"loc":{"start":{"line":27,"column":13},"end":{"line":27,"column":28}}},"4":{"name":"(anonymous_4)","line":32,"loc":{"start":{"line":32,"column":12},"end":{"line":32,"column":27}}},"5":{"name":"(anonymous_5)","line":38,"loc":{"start":{"line":38,"column":33},"end":{"line":38,"column":48}}},"6":{"name":"(anonymous_6)","line":40,"loc":{"start":{"line":40,"column":19},"end":{"line":40,"column":37}}},"7":{"name":"(anonymous_7)","line":47,"loc":{"start":{"line":47,"column":45},"end":{"line":47,"column":60}}},"8":{"name":"(anonymous_8)","line":49,"loc":{"start":{"line":49,"column":19},"end":{"line":49,"column":37}}},"9":{"name":"(anonymous_9)","line":56,"loc":{"start":{"line":56,"column":51},"end":{"line":56,"column":66}}},"10":{"name":"(anonymous_10)","line":58,"loc":{"start":{"line":58,"column":19},"end":{"line":58,"column":37}}},"11":{"name":"(anonymous_11)","line":65,"loc":{"start":{"line":65,"column":56},"end":{"line":65,"column":71}}},"12":{"name":"(anonymous_12)","line":67,"loc":{"start":{"line":67,"column":19},"end":{"line":67,"column":37}}},"13":{"name":"(anonymous_13)","line":74,"loc":{"start":{"line":74,"column":63},"end":{"line":74,"column":78}}},"14":{"name":"(anonymous_14)","line":76,"loc":{"start":{"line":76,"column":19},"end":{"line":76,"column":37}}}},"statementMap":{"1":{"start":{"line":11,"column":0},"end":{"line":11,"column":38}},"2":{"start":{"line":12,"column":0},"end":{"line":12,"column":35}},"3":{"start":{"line":13,"column":0},"end":{"line":13,"column":31}},"4":{"start":{"line":14,"column":0},"end":{"line":14,"column":35}},"5":{"start":{"line":18,"column":0},"end":{"line":23,"column":3}},"6":{"start":{"line":19,"column":4},"end":{"line":22,"column":38}},"7":{"start":{"line":25,"column":0},"end":{"line":83,"column":3}},"8":{"start":{"line":27,"column":2},"end":{"line":30,"column":5}},"9":{"start":{"line":28,"column":4},"end":{"line":28,"column":30}},"10":{"start":{"line":29,"column":4},"end":{"line":29,"column":11}},"11":{"start":{"line":32,"column":2},"end":{"line":36,"column":5}},"12":{"start":{"line":33,"column":4},"end":{"line":33,"column":38}},"13":{"start":{"line":34,"column":4},"end":{"line":34,"column":37}},"14":{"start":{"line":35,"column":4},"end":{"line":35,"column":11}},"15":{"start":{"line":38,"column":2},"end":{"line":45,"column":7}},"16":{"start":{"line":39,"column":6},"end":{"line":44,"column":9}},"17":{"start":{"line":42,"column":8},"end":{"line":42,"column":71}},"18":{"start":{"line":43,"column":8},"end":{"line":43,"column":15}},"19":{"start":{"line":47,"column":2},"end":{"line":54,"column":7}},"20":{"start":{"line":48,"column":4},"end":{"line":53,"column":9}},"21":{"start":{"line":51,"column":8},"end":{"line":51,"column":96}},"22":{"start":{"line":52,"column":8},"end":{"line":52,"column":15}},"23":{"start":{"line":56,"column":4},"end":{"line":63,"column":7}},"24":{"start":{"line":57,"column":4},"end":{"line":62,"column":9}},"25":{"start":{"line":60,"column":8},"end":{"line":60,"column":112}},"26":{"start":{"line":61,"column":8},"end":{"line":61,"column":15}},"27":{"start":{"line":65,"column":4},"end":{"line":72,"column":7}},"28":{"start":{"line":66,"column":4},"end":{"line":71,"column":9}},"29":{"start":{"line":69,"column":8},"end":{"line":69,"column":89}},"30":{"start":{"line":70,"column":8},"end":{"line":70,"column":15}},"31":{"start":{"line":74,"column":2},"end":{"line":81,"column":7}},"32":{"start":{"line":75,"column":4},"end":{"line":80,"column":9}},"33":{"start":{"line":78,"column":8},"end":{"line":78,"column":98}},"34":{"start":{"line":79,"column":8},"end":{"line":79,"column":15}}},"branchMap":{}},"D:\\Lloyds\\Assesment\\AccountInfo\\server\\server.js":{"path":"D:\\Lloyds\\Assesment\\AccountInfo\\server\\server.js","s":{"1":1,"2":1,"3":1,"4":1,"5":0,"6":0,"7":0,"8":0,"9":0,"10":0,"11":0,"12":1,"13":1,"14":0,"15":1,"16":0},"b":{"1":[0,0],"2":[0,1],"3":[0,1]},"f":{"1":0,"2":0,"3":1},"fnMap":{"1":{"name":"(anonymous_1)","line":8,"loc":{"start":{"line":8,"column":12},"end":{"line":8,"column":23}}},"2":{"name":"(anonymous_2)","line":10,"loc":{"start":{"line":10,"column":20},"end":{"line":10,"column":31}}},"3":{"name":"(anonymous_3)","line":23,"loc":{"start":{"line":23,"column":21},"end":{"line":23,"column":35}}}},"statementMap":{"1":{"start":{"line":3,"column":0},"end":{"line":3,"column":35}},"2":{"start":{"line":4,"column":0},"end":{"line":4,"column":36}},"3":{"start":{"line":6,"column":0},"end":{"line":6,"column":38}},"4":{"start":{"line":8,"column":0},"end":{"line":19,"column":2}},"5":{"start":{"line":10,"column":2},"end":{"line":18,"column":5}},"6":{"start":{"line":11,"column":4},"end":{"line":11,"column":24}},"7":{"start":{"line":12,"column":4},"end":{"line":12,"column":52}},"8":{"start":{"line":13,"column":4},"end":{"line":13,"column":56}},"9":{"start":{"line":14,"column":4},"end":{"line":17,"column":5}},"10":{"start":{"line":15,"column":6},"end":{"line":15,"column":74}},"11":{"start":{"line":16,"column":6},"end":{"line":16,"column":73}},"12":{"start":{"line":23,"column":0},"end":{"line":29,"column":3}},"13":{"start":{"line":24,"column":2},"end":{"line":24,"column":21}},"14":{"start":{"line":24,"column":11},"end":{"line":24,"column":21}},"15":{"start":{"line":27,"column":2},"end":{"line":28,"column":16}},"16":{"start":{"line":28,"column":4},"end":{"line":28,"column":16}}},"branchMap":{"1":{"line":14,"type":"if","locations":[{"start":{"line":14,"column":4},"end":{"line":14,"column":4}},{"start":{"line":14,"column":4},"end":{"line":14,"column":4}}]},"2":{"line":24,"type":"if","locations":[{"start":{"line":24,"column":2},"end":{"line":24,"column":2}},{"start":{"line":24,"column":2},"end":{"line":24,"column":2}}]},"3":{"line":27,"type":"if","locations":[{"start":{"line":27,"column":2},"end":{"line":27,"column":2}},{"start":{"line":27,"column":2},"end":{"line":27,"column":2}}]}}},"D:\\Lloyds\\Assesment\\AccountInfo\\common\\models\\ac-info\\swagger-model.js":{"path":"D:\\Lloyds\\Assesment\\AccountInfo\\common\\models\\ac-info\\swagger-model.js","s":{"1":1,"2":1,"3":1,"4":1,"5":1,"6":1,"7":1,"8":0,"9":0,"10":0,"11":0,"12":1,"13":5,"14":5,"15":5,"16":5,"17":5,"18":4,"19":4,"20":1,"21":5,"22":5,"23":30,"24":30,"25":30,"26":5,"27":1,"28":30,"29":29,"30":29,"31":29,"32":29,"33":1,"34":4,"35":2,"36":2,"37":19,"38":19,"39":19},"b":{"1":[1,4],"2":[2,2],"3":[5,14],"4":[12,2]},"f":{"1":1,"2":0,"3":0,"4":5,"5":5,"6":4,"7":5,"8":30,"9":29,"10":29,"11":4,"12":19},"fnMap":{"1":{"name":"(anonymous_1)","line":8,"loc":{"start":{"line":8,"column":17},"end":{"line":8,"column":34}}},"2":{"name":"(anonymous_2)","line":83,"loc":{"start":{"line":83,"column":22},"end":{"line":83,"column":49}}},"3":{"name":"(anonymous_3)","line":86,"loc":{"start":{"line":86,"column":27},"end":{"line":86,"column":49}}},"4":{"name":"(anonymous_4)","line":97,"loc":{"start":{"line":97,"column":23},"end":{"line":97,"column":67}}},"5":{"name":"(anonymous_5)","line":100,"loc":{"start":{"line":100,"column":83},"end":{"line":100,"column":106}}},"6":{"name":"(anonymous_6)","line":103,"loc":{"start":{"line":103,"column":45},"end":{"line":103,"column":56}}},"7":{"name":"newcomposeWithRestApi","line":110,"loc":{"start":{"line":110,"column":0},"end":{"line":110,"column":40}}},"8":{"name":"newrestApiCall","line":120,"loc":{"start":{"line":120,"column":0},"end":{"line":120,"column":35}}},"9":{"name":"(anonymous_9)","line":121,"loc":{"start":{"line":121,"column":42},"end":{"line":121,"column":66}}},"10":{"name":"(anonymous_10)","line":124,"loc":{"start":{"line":124,"column":8},"end":{"line":125,"column":8}}},"11":{"name":"sortByKey","line":133,"loc":{"start":{"line":133,"column":0},"end":{"line":133,"column":31}}},"12":{"name":"(anonymous_12)","line":135,"loc":{"start":{"line":135,"column":22},"end":{"line":135,"column":37}}}},"statementMap":{"1":{"start":{"line":2,"column":0},"end":{"line":2,"column":44}},"2":{"start":{"line":3,"column":0},"end":{"line":3,"column":35}},"3":{"start":{"line":4,"column":0},"end":{"line":4,"column":21}},"4":{"start":{"line":7,"column":0},"end":{"line":7,"column":38}},"5":{"start":{"line":8,"column":0},"end":{"line":150,"column":1}},"6":{"start":{"line":9,"column":4},"end":{"line":9,"column":49}},"7":{"start":{"line":83,"column":0},"end":{"line":95,"column":1}},"8":{"start":{"line":84,"column":4},"end":{"line":84,"column":34}},"9":{"start":{"line":86,"column":6},"end":{"line":93,"column":7}},"10":{"start":{"line":92,"column":6},"end":{"line":92,"column":13}},"11":{"start":{"line":94,"column":4},"end":{"line":94,"column":26}},"12":{"start":{"line":97,"column":0},"end":{"line":108,"column":1}},"13":{"start":{"line":98,"column":4},"end":{"line":98,"column":31}},"14":{"start":{"line":99,"column":4},"end":{"line":99,"column":120}},"15":{"start":{"line":100,"column":4},"end":{"line":107,"column":9}},"16":{"start":{"line":102,"column":6},"end":{"line":102,"column":31}},"17":{"start":{"line":103,"column":6},"end":{"line":106,"column":15}},"18":{"start":{"line":104,"column":14},"end":{"line":104,"column":46}},"19":{"start":{"line":105,"column":14},"end":{"line":105,"column":40}},"20":{"start":{"line":110,"column":0},"end":{"line":118,"column":3}},"21":{"start":{"line":111,"column":4},"end":{"line":111,"column":22}},"22":{"start":{"line":112,"column":4},"end":{"line":116,"column":7}},"23":{"start":{"line":113,"column":8},"end":{"line":113,"column":28}},"24":{"start":{"line":114,"column":8},"end":{"line":114,"column":35}},"25":{"start":{"line":115,"column":8},"end":{"line":115,"column":42}},"26":{"start":{"line":117,"column":4},"end":{"line":117,"column":27}},"27":{"start":{"line":120,"column":0},"end":{"line":131,"column":1}},"28":{"start":{"line":121,"column":2},"end":{"line":130,"column":5}},"29":{"start":{"line":122,"column":4},"end":{"line":122,"column":56}},"30":{"start":{"line":123,"column":6},"end":{"line":129,"column":7}},"31":{"start":{"line":126,"column":10},"end":{"line":126,"column":46}},"32":{"start":{"line":127,"column":10},"end":{"line":127,"column":15}},"33":{"start":{"line":133,"column":0},"end":{"line":139,"column":1}},"34":{"start":{"line":134,"column":4},"end":{"line":134,"column":26}},"35":{"start":{"line":134,"column":13},"end":{"line":134,"column":26}},"36":{"start":{"line":135,"column":4},"end":{"line":138,"column":7}},"37":{"start":{"line":136,"column":8},"end":{"line":136,"column":23}},"38":{"start":{"line":136,"column":24},"end":{"line":136,"column":39}},"39":{"start":{"line":137,"column":8},"end":{"line":137,"column":50}}},"branchMap":{"1":{"line":99,"type":"cond-expr","locations":[{"start":{"line":99,"column":71},"end":{"line":99,"column":88}},{"start":{"line":99,"column":89},"end":{"line":99,"column":119}}]},"2":{"line":134,"type":"if","locations":[{"start":{"line":134,"column":4},"end":{"line":134,"column":4}},{"start":{"line":134,"column":4},"end":{"line":134,"column":4}}]},"3":{"line":137,"type":"cond-expr","locations":[{"start":{"line":137,"column":26},"end":{"line":137,"column":28}},{"start":{"line":137,"column":32},"end":{"line":137,"column":47}}]},"4":{"line":137,"type":"cond-expr","locations":[{"start":{"line":137,"column":42},"end":{"line":137,"column":43}},{"start":{"line":137,"column":46},"end":{"line":137,"column":47}}]}}},"D:\\Lloyds\\Assesment\\AccountInfo\\common\\models\\ac-info\\ac-info.js":{"path":"D:\\Lloyds\\Assesment\\AccountInfo\\common\\models\\ac-info\\ac-info.js","s":{},"b":{},"f":{},"fnMap":{},"statementMap":{},"branchMap":{}},"D:\\Lloyds\\Assesment\\AccountInfo\\common\\models\\dummy-rest-model.js":{"path":"D:\\Lloyds\\Assesment\\AccountInfo\\common\\models\\dummy-rest-model.js","s":{"1":1},"b":{},"f":{"1":1},"fnMap":{"1":{"name":"(anonymous_1)","line":3,"loc":{"start":{"line":3,"column":17},"end":{"line":3,"column":42}}}},"statementMap":{"1":{"start":{"line":3,"column":0},"end":{"line":5,"column":2}}},"branchMap":{}},"D:\\Lloyds\\Assesment\\AccountInfo\\server\\boot\\authentication.js":{"path":"D:\\Lloyds\\Assesment\\AccountInfo\\server\\boot\\authentication.js","s":{"1":1,"2":1},"b":{},"f":{"1":1},"fnMap":{"1":{"name":"enableAuthentication","line":3,"loc":{"start":{"line":3,"column":17},"end":{"line":3,"column":55}}}},"statementMap":{"1":{"start":{"line":3,"column":0},"end":{"line":6,"column":2}},"2":{"start":{"line":5,"column":2},"end":{"line":5,"column":22}}},"branchMap":{}},"D:\\Lloyds\\Assesment\\AccountInfo\\server\\boot\\root.js":{"path":"D:\\Lloyds\\Assesment\\AccountInfo\\server\\boot\\root.js","s":{"1":1,"2":1,"3":1,"4":1},"b":{},"f":{"1":1},"fnMap":{"1":{"name":"(anonymous_1)","line":3,"loc":{"start":{"line":3,"column":17},"end":{"line":3,"column":34}}}},"statementMap":{"1":{"start":{"line":3,"column":0},"end":{"line":8,"column":2}},"2":{"start":{"line":5,"column":2},"end":{"line":5,"column":40}},"3":{"start":{"line":6,"column":2},"end":{"line":6,"column":44}},"4":{"start":{"line":7,"column":2},"end":{"line":7,"column":21}}},"branchMap":{}},"D:\\Lloyds\\Assesment\\AccountInfo\\spec\\start-server.js":{"path":"D:\\Lloyds\\Assesment\\AccountInfo\\spec\\start-server.js","s":{"1":1,"2":1,"3":0,"4":0,"5":0,"6":0,"7":0,"8":0},"b":{"1":[0,0]},"f":{"1":0,"2":0},"fnMap":{"1":{"name":"(anonymous_1)","line":3,"loc":{"start":{"line":3,"column":17},"end":{"line":3,"column":32}}},"2":{"name":"(anonymous_2)","line":8,"loc":{"start":{"line":8,"column":23},"end":{"line":8,"column":34}}}},"statementMap":{"1":{"start":{"line":1,"column":0},"end":{"line":1,"column":38}},"2":{"start":{"line":3,"column":0},"end":{"line":13,"column":2}},"3":{"start":{"line":4,"column":2},"end":{"line":12,"column":3}},"4":{"start":{"line":5,"column":4},"end":{"line":5,"column":30}},"5":{"start":{"line":6,"column":4},"end":{"line":6,"column":16}},"6":{"start":{"line":8,"column":4},"end":{"line":11,"column":7}},"7":{"start":{"line":9,"column":6},"end":{"line":9,"column":32}},"8":{"start":{"line":10,"column":6},"end":{"line":10,"column":18}}},"branchMap":{"1":{"line":4,"type":"if","locations":[{"start":{"line":4,"column":2},"end":{"line":4,"column":2}},{"start":{"line":4,"column":2},"end":{"line":4,"column":2}}]}}}}