TN:
SF:D:\Lloyds\Assesment\AccountInfo\spec\jasmine-runner.js
FN:7,(anonymous_1)
FNF:1
FNH:1
FNDA:28,(anonymous_1)
DA:1,1
DA:2,1
DA:4,1
DA:6,1
DA:10,1
DA:14,1
DA:16,1
LF:7
LH:7
BRF:0
BRH:0
end_of_record
TN:
SF:D:\Lloyds\Assesment\AccountInfo\spec\rest-spec.js
FN:18,json
FN:25,(anonymous_2)
FN:27,(anonymous_3)
FN:32,(anonymous_4)
FN:38,(anonymous_5)
FN:40,(anonymous_6)
FN:47,(anonymous_7)
FN:49,(anonymous_8)
FN:56,(anonymous_9)
FN:58,(anonymous_10)
FN:65,(anonymous_11)
FN:67,(anonymous_12)
FN:74,(anonymous_13)
FN:76,(anonymous_14)
FNF:14
FNH:13
FNDA:5,json
FNDA:1,(anonymous_2)
FNDA:5,(anonymous_3)
FNDA:5,(anonymous_4)
FNDA:1,(anonymous_5)
FNDA:1,(anonymous_6)
FNDA:1,(anonymous_7)
FNDA:0,(anonymous_8)
FNDA:1,(anonymous_9)
FNDA:1,(anonymous_10)
FNDA:1,(anonymous_11)
FNDA:1,(anonymous_12)
FNDA:1,(anonymous_13)
FNDA:1,(anonymous_14)
DA:11,1
DA:12,1
DA:13,1
DA:14,1
DA:18,1
DA:19,5
DA:25,1
DA:27,1
DA:28,5
DA:29,5
DA:32,1
DA:33,5
DA:34,5
DA:35,5
DA:38,1
DA:39,1
DA:42,1
DA:43,1
DA:47,1
DA:48,1
DA:51,0
DA:52,0
DA:56,1
DA:57,1
DA:60,1
DA:61,1
DA:65,1
DA:66,1
DA:69,1
DA:70,1
DA:74,1
DA:75,1
DA:78,1
DA:79,1
LF:34
LH:32
BRF:0
BRH:0
end_of_record
TN:
SF:D:\Lloyds\Assesment\AccountInfo\server\server.js
FN:8,(anonymous_1)
FN:10,(anonymous_2)
FN:23,(anonymous_3)
FNF:3
FNH:1
FNDA:0,(anonymous_1)
FNDA:0,(anonymous_2)
FNDA:1,(anonymous_3)
DA:3,1
DA:4,1
DA:6,1
DA:8,1
DA:10,0
DA:11,0
DA:12,0
DA:13,0
DA:14,0
DA:15,0
DA:16,0
DA:23,1
DA:24,1
DA:27,1
DA:28,0
LF:15
LH:7
BRDA:14,1,0,0
BRDA:14,1,1,0
BRDA:24,2,0,0
BRDA:24,2,1,1
BRDA:27,3,0,0
BRDA:27,3,1,1
BRF:6
BRH:2
end_of_record
TN:
SF:D:\Lloyds\Assesment\AccountInfo\common\models\ac-info\swagger-model.js
FN:8,(anonymous_1)
FN:83,(anonymous_2)
FN:86,(anonymous_3)
FN:97,(anonymous_4)
FN:100,(anonymous_5)
FN:103,(anonymous_6)
FN:110,newcomposeWithRestApi
FN:120,newrestApiCall
FN:121,(anonymous_9)
FN:124,(anonymous_10)
FN:133,sortByKey
FN:135,(anonymous_12)
FNF:12
FNH:10
FNDA:1,(anonymous_1)
FNDA:0,(anonymous_2)
FNDA:0,(anonymous_3)
FNDA:5,(anonymous_4)
FNDA:5,(anonymous_5)
FNDA:4,(anonymous_6)
FNDA:5,newcomposeWithRestApi
FNDA:30,newrestApiCall
FNDA:29,(anonymous_9)
FNDA:29,(anonymous_10)
FNDA:4,sortByKey
FNDA:19,(anonymous_12)
DA:2,1
DA:3,1
DA:4,1
DA:7,1
DA:8,1
DA:9,1
DA:83,1
DA:84,0
DA:86,0
DA:92,0
DA:94,0
DA:97,1
DA:98,5
DA:99,5
DA:100,5
DA:102,5
DA:103,5
DA:104,4
DA:105,4
DA:110,1
DA:111,5
DA:112,5
DA:113,30
DA:114,30
DA:115,30
DA:117,5
DA:120,1
DA:121,30
DA:122,29
DA:123,29
DA:126,29
DA:127,29
DA:133,1
DA:134,4
DA:135,2
DA:136,19
DA:137,19
LF:37
LH:33
BRDA:99,1,0,1
BRDA:99,1,1,4
BRDA:134,2,0,2
BRDA:134,2,1,2
BRDA:137,3,0,5
BRDA:137,3,1,14
BRDA:137,4,0,12
BRDA:137,4,1,2
BRF:8
BRH:8
end_of_record
TN:
SF:D:\Lloyds\Assesment\AccountInfo\common\models\ac-info\ac-info.js
FNF:0
FNH:0
LF:0
LH:0
BRF:0
BRH:0
end_of_record
TN:
SF:D:\Lloyds\Assesment\AccountInfo\common\models\dummy-rest-model.js
FN:3,(anonymous_1)
FNF:1
FNH:1
FNDA:1,(anonymous_1)
DA:3,1
LF:1
LH:1
BRF:0
BRH:0
end_of_record
TN:
SF:D:\Lloyds\Assesment\AccountInfo\server\boot\authentication.js
FN:3,enableAuthentication
FNF:1
FNH:1
FNDA:1,enableAuthentication
DA:3,1
DA:5,1
LF:2
LH:2
BRF:0
BRH:0
end_of_record
TN:
SF:D:\Lloyds\Assesment\AccountInfo\server\boot\root.js
FN:3,(anonymous_1)
FNF:1
FNH:1
FNDA:1,(anonymous_1)
DA:3,1
DA:5,1
DA:6,1
DA:7,1
LF:4
LH:4
BRF:0
BRH:0
end_of_record
TN:
SF:D:\Lloyds\Assesment\AccountInfo\spec\start-server.js
FN:3,(anonymous_1)
FN:8,(anonymous_2)
FNF:2
FNH:0
FNDA:0,(anonymous_1)
FNDA:0,(anonymous_2)
DA:1,1
DA:3,1
DA:4,0
DA:5,0
DA:6,0
DA:8,0
DA:9,0
DA:10,0
LF:8
LH:2
BRDA:4,1,0,0
BRDA:4,1,1,0
BRF:2
BRH:0
end_of_record
